--------------------------------------------------------------------------------
Release 14.7 Trace  (nt)
Copyright (c) 1995-2013 Xilinx, Inc.  All rights reserved.

C:\Xilinx\14.7\ISE_DS\ISE\bin\nt\unwrapped\trce.exe -intstyle ise -v 3 -s 1 -n
3 -fastpaths -xml multiplier.twx multiplier.ncd -o multiplier.twr
multiplier.pcf -ucf multiplier.ucf

Design file:              multiplier.ncd
Physical constraint file: multiplier.pcf
Device,package,speed:     xc6vlx240t,ff1156,C,-1 (PRODUCTION 1.17 2013-10-13, STEPPING level 0)
Report level:             verbose report

Environment Variable      Effect 
--------------------      ------ 
NONE                      No environment variables were set
--------------------------------------------------------------------------------

INFO:Timing:2698 - No timing constraints found, doing default enumeration.
INFO:Timing:3412 - To improve timing, see the Timing Closure User Guide (UG612).
INFO:Timing:2752 - To get complete path coverage, use the unconstrained paths 
   option. All paths that are not constrained will be reported in the 
   unconstrained paths section(s) of the report.
INFO:Timing:3339 - The clock-to-out numbers in this timing report are based on 
   a 50 Ohm transmission line loading model.  For the details of this model, 
   and for more information on accounting for different loading conditions, 
   please see the device datasheet.



Data Sheet report:
-----------------
All values displayed in nanoseconds (ns)

Pad to Pad
---------------+---------------+---------+
Source Pad     |Destination Pad|  Delay  |
---------------+---------------+---------+
a0             |q0             |    8.254|
a0             |q1             |    8.312|
a0             |q2             |    8.867|
a0             |q3             |    8.322|
a1             |q1             |    8.219|
a1             |q2             |    8.697|
a1             |q3             |    8.153|
b0             |q0             |    8.143|
b0             |q1             |    8.206|
b0             |q2             |    8.612|
b0             |q3             |    8.073|
b1             |q1             |    8.429|
b1             |q2             |    9.039|
b1             |q3             |    8.494|
---------------+---------------+---------+


Analysis completed Tue Dec 23 14:10:47 2025 
--------------------------------------------------------------------------------

Trace Settings:
-------------------------
Trace Settings 

Peak Memory Usage: 475 MB



