Release 14.7 - xst P.20131013 (nt)
Copyright (c) 1995-2013 Xilinx, Inc.  All rights reserved.
--> Parameter TMPDIR set to xst/projnav.tmp


Total REAL time to Xst completion: 0.00 secs
Total CPU time to Xst completion: 0.03 secs
 
--> Parameter xsthdpdir set to xst


Total REAL time to Xst completion: 0.00 secs
Total CPU time to Xst completion: 0.03 secs
 
--> Reading design: ledcounter.prj

TABLE OF CONTENTS
  1) Synthesis Options Summary
  2) HDL Parsing
  3) HDL Elaboration
  4) HDL Synthesis
       4.1) HDL Synthesis Report
  5) Advanced HDL Synthesis
       5.1) Advanced HDL Synthesis Report
  6) Low Level Synthesis
  7) Partition Report
  8) Design Summary
       8.1) Primitive and Black Box Usage
       8.2) Device utilization summary
       8.3) Partition Resource Summary
       8.4) Timing Report
            8.4.1) Clock Information
            8.4.2) Asynchronous Control Signals Information
            8.4.3) Timing Summary
            8.4.4) Timing Details
            8.4.5) Cross Clock Domains Report


=========================================================================
*                      Synthesis Options Summary                        *
=========================================================================
---- Source Parameters
Input File Name                    : "ledcounter.prj"
Ignore Synthesis Constraint File   : NO

---- Target Parameters
Output File Name                   : "ledcounter"
Output Format                      : NGC
Target Device                      : xc6vlx240t-1-ff1156

---- Source Options
Top Module Name                    : ledcounter
Automatic FSM Extraction           : YES
FSM Encoding Algorithm             : Auto
Safe Implementation                : No
FSM Style                          : LUT
RAM Extraction                     : Yes
RAM Style                          : Auto
ROM Extraction                     : Yes
Shift Register Extraction          : YES
ROM Style                          : Auto
Resource Sharing                   : YES
Asynchronous To Synchronous        : NO
Shift Register Minimum Size        : 2
Use DSP Block                      : Auto
Automatic Register Balancing       : No

---- Target Options
LUT Combining                      : Auto
Reduce Control Sets                : Auto
Add IO Buffers                     : YES
Global Maximum Fanout              : 100000
Add Generic Clock Buffer(BUFG)     : 32
Register Duplication               : YES
Optimize Instantiated Primitives   : NO
Use Clock Enable                   : Auto
Use Synchronous Set                : Auto
Use Synchronous Reset              : Auto
Pack IO Registers into IOBs        : Auto
Equivalent register Removal        : YES

---- General Options
Optimization Goal                  : Speed
Optimization Effort                : 1
Power Reduction                    : NO
Keep Hierarchy                     : No
Netlist Hierarchy                  : As_Optimized
RTL Output                         : Yes
Global Optimization                : AllClockNets
Read Cores                         : YES
Write Timing Constraints           : NO
Cross Clock Analysis               : NO
Hierarchy Separator                : /
Bus Delimiter                      : <>
Case Specifier                     : Maintain
Slice Utilization Ratio            : 100
BRAM Utilization Ratio             : 100
DSP48 Utilization Ratio            : 100
Auto BRAM Packing                  : NO
Slice Utilization Ratio Delta      : 5

=========================================================================


=========================================================================
*                          HDL Parsing                                  *
=========================================================================
Analyzing Verilog file "C:\Users\vboxuser\Documents\FPGA\ledcounter\ledcounter.v" into library work
Parsing module <ledcounter>.
WARNING:HDLCompiler:248 - "C:\Users\vboxuser\Documents\FPGA\ledcounter\ledcounter.v" Line 59: Block identifier is required on this block

=========================================================================
*                            HDL Elaboration                            *
=========================================================================

Elaborating module <ledcounter>.

Elaborating module <IBUFGDS(DIFF_TERM="FALSE",IOSTANDARD="LVDS_25")>.

=========================================================================
*                           HDL Synthesis                               *
=========================================================================

Synthesizing Unit <ledcounter>.
    Related source file is "C:\Users\vboxuser\Documents\FPGA\ledcounter\ledcounter.v".
    Found 8-bit register for signal <ledreg>.
    Found 28-bit register for signal <clkdiv>.
    Found 1-bit register for signal <tic>.
    Found 8-bit subtractor for signal <ledreg[7]_GND_1_o_sub_7_OUT> created at line 50.
    Found 28-bit adder for signal <clkdiv[27]_GND_1_o_add_2_OUT> created at line 37.
    Found 8-bit adder for signal <ledreg[7]_GND_1_o_add_5_OUT> created at line 48.
    Found 28-bit comparator lessequal for signal <n0001> created at line 33
    Summary:
	inferred   2 Adder/Subtractor(s).
	inferred  37 D-type flip-flop(s).
	inferred   1 Comparator(s).
	inferred   2 Multiplexer(s).
Unit <ledcounter> synthesized.

=========================================================================
HDL Synthesis Report

Macro Statistics
# Adders/Subtractors                                   : 2
 28-bit adder                                          : 1
 8-bit addsub                                          : 1
# Registers                                            : 3
 1-bit register                                        : 1
 28-bit register                                       : 1
 8-bit register                                        : 1
# Comparators                                          : 1
 28-bit comparator lessequal                           : 1
# Multiplexers                                         : 2
 28-bit 2-to-1 multiplexer                             : 1
 8-bit 2-to-1 multiplexer                              : 1

=========================================================================

=========================================================================
*                       Advanced HDL Synthesis                          *
=========================================================================


Synthesizing (advanced) Unit <ledcounter>.
The following registers are absorbed into counter <ledreg>: 1 register on signal <ledreg>.
The following registers are absorbed into counter <clkdiv>: 1 register on signal <clkdiv>.
Unit <ledcounter> synthesized (advanced).

=========================================================================
Advanced HDL Synthesis Report

Macro Statistics
# Counters                                             : 2
 28-bit up counter                                     : 1
 8-bit updown counter                                  : 1
# Registers                                            : 1
 Flip-Flops                                            : 1
# Comparators                                          : 1
 28-bit comparator lessequal                           : 1
# Multiplexers                                         : 1
 8-bit 2-to-1 multiplexer                              : 1

=========================================================================

=========================================================================
*                         Low Level Synthesis                           *
=========================================================================

Optimizing unit <ledcounter> ...
WARNING:Xst:1710 - FF/Latch <clkdiv_27> (without init value) has a constant value of 0 in block <ledcounter>. This FF/Latch will be trimmed during the optimization process.

Mapping all equations...
Building and optimizing final netlist ...
Found area constraint ratio of 100 (+ 5) on block ledcounter, actual ratio is 0.

Final Macro Processing ...

=========================================================================
Final Register Report

Macro Statistics
# Registers                                            : 36
 Flip-Flops                                            : 36

=========================================================================

=========================================================================
*                           Partition Report                            *
=========================================================================

Partition Implementation Status
-------------------------------

  No Partitions were found in this design.

-------------------------------

=========================================================================
*                            Design Summary                             *
=========================================================================

Top Level Output File Name         : ledcounter.ngc

Primitive and Black Box Usage:
------------------------------
# BELS                             : 133
#      GND                         : 1
#      INV                         : 3
#      LUT2                        : 36
#      LUT3                        : 10
#      LUT4                        : 2
#      LUT5                        : 6
#      MUXCY                       : 39
#      VCC                         : 1
#      XORCY                       : 35
# FlipFlops/Latches                : 36
#      FDC                         : 28
#      FDCE                        : 8
# Clock Buffers                    : 1
#      BUFG                        : 1
# IO Buffers                       : 14
#      IBUF                        : 5
#      IBUFGDS                     : 1
#      OBUF                        : 8

Device utilization summary:
---------------------------

Selected Device : 6vlx240tff1156-1 


Slice Logic Utilization: 
 Number of Slice Registers:              36  out of  301440     0%  
 Number of Slice LUTs:                   57  out of  150720     0%  
    Number used as Logic:                57  out of  150720     0%  

Slice Logic Distribution: 
 Number of LUT Flip Flop pairs used:     57
   Number with an unused Flip Flop:      21  out of     57    36%  
   Number with an unused LUT:             0  out of     57     0%  
   Number of fully used LUT-FF pairs:    36  out of     57    63%  
   Number of unique control sets:         2

IO Utilization: 
 Number of IOs:                          15
 Number of bonded IOBs:                  15  out of    600     2%  

Specific Feature Utilization:
 Number of BUFG/BUFGCTRLs:                1  out of     32     3%  

---------------------------
Partition Resource Summary:
---------------------------

  No Partitions were found in this design.

---------------------------


=========================================================================
Timing Report

NOTE: THESE TIMING NUMBERS ARE ONLY A SYNTHESIS ESTIMATE.
      FOR ACCURATE TIMING INFORMATION PLEASE REFER TO THE TRACE REPORT
      GENERATED AFTER PLACE-and-ROUTE.

Clock Information:
------------------
-----------------------------------+------------------------+-------+
Clock Signal                       | Clock buffer(FF name)  | Load  |
-----------------------------------+------------------------+-------+
clkp                               | IBUFGDS+BUFG           | 36    |
-----------------------------------+------------------------+-------+

Asynchronous Control Signals Information:
----------------------------------------
No asynchronous control signals found in this design

Timing Summary:
---------------
Speed Grade: -1

   Minimum period: 3.256ns (Maximum Frequency: 307.090MHz)
   Minimum input arrival time before clock: 3.337ns
   Maximum output required time after clock: 1.350ns
   Maximum combinational path delay: 1.100ns

Timing Details:
---------------
All values displayed in nanoseconds (ns)

=========================================================================
Timing constraint: Default period analysis for Clock 'clkp'
  Clock period: 3.256ns (frequency: 307.090MHz)
  Total number of paths / destination ports: 13848 / 44
-------------------------------------------------------------------------
Delay:               3.256ns (Levels of Logic = 34)
  Source:            clkdiv_8 (FF)
  Destination:       clkdiv_26 (FF)
  Source Clock:      clkp rising
  Destination Clock: clkp rising

  Data Path: clkdiv_8 to clkdiv_26
                                Gate     Net
    Cell:in->out      fanout   Delay   Delay  Logical Name (Net Name)
    ----------------------------------------  ------------
     FDC:C->Q              2   0.375   0.781  clkdiv_8 (clkdiv_8)
     LUT5:I0->O            1   0.068   0.000  Mcompar_GND_1_o_clkdiv[27]_LessThan_2_o_lut<0> (Mcompar_GND_1_o_clkdiv[27]_LessThan_2_o_lut<0>)
     MUXCY:S->O            1   0.290   0.000  Mcompar_GND_1_o_clkdiv[27]_LessThan_2_o_cy<0> (Mcompar_GND_1_o_clkdiv[27]_LessThan_2_o_cy<0>)
     MUXCY:CI->O           1   0.020   0.000  Mcompar_GND_1_o_clkdiv[27]_LessThan_2_o_cy<1> (Mcompar_GND_1_o_clkdiv[27]_LessThan_2_o_cy<1>)
     MUXCY:CI->O           1   0.020   0.000  Mcompar_GND_1_o_clkdiv[27]_LessThan_2_o_cy<2> (Mcompar_GND_1_o_clkdiv[27]_LessThan_2_o_cy<2>)
     MUXCY:CI->O           1   0.020   0.000  Mcompar_GND_1_o_clkdiv[27]_LessThan_2_o_cy<3> (Mcompar_GND_1_o_clkdiv[27]_LessThan_2_o_cy<3>)
     MUXCY:CI->O          29   0.020   0.569  Mcompar_GND_1_o_clkdiv[27]_LessThan_2_o_cy<4> (GND_1_o_clkdiv[27]_LessThan_2_o)
     LUT2:I1->O            1   0.068   0.000  Mcount_clkdiv_lut<0> (Mcount_clkdiv_lut<0>)
     MUXCY:S->O            1   0.290   0.000  Mcount_clkdiv_cy<0> (Mcount_clkdiv_cy<0>)
     MUXCY:CI->O           1   0.020   0.000  Mcount_clkdiv_cy<1> (Mcount_clkdiv_cy<1>)
     MUXCY:CI->O           1   0.020   0.000  Mcount_clkdiv_cy<2> (Mcount_clkdiv_cy<2>)
     MUXCY:CI->O           1   0.020   0.000  Mcount_clkdiv_cy<3> (Mcount_clkdiv_cy<3>)
     MUXCY:CI->O           1   0.020   0.000  Mcount_clkdiv_cy<4> (Mcount_clkdiv_cy<4>)
     MUXCY:CI->O           1   0.020   0.000  Mcount_clkdiv_cy<5> (Mcount_clkdiv_cy<5>)
     MUXCY:CI->O           1   0.020   0.000  Mcount_clkdiv_cy<6> (Mcount_clkdiv_cy<6>)
     MUXCY:CI->O           1   0.020   0.000  Mcount_clkdiv_cy<7> (Mcount_clkdiv_cy<7>)
     MUXCY:CI->O           1   0.020   0.000  Mcount_clkdiv_cy<8> (Mcount_clkdiv_cy<8>)
     MUXCY:CI->O           1   0.020   0.000  Mcount_clkdiv_cy<9> (Mcount_clkdiv_cy<9>)
     MUXCY:CI->O           1   0.020   0.000  Mcount_clkdiv_cy<10> (Mcount_clkdiv_cy<10>)
     MUXCY:CI->O           1   0.020   0.000  Mcount_clkdiv_cy<11> (Mcount_clkdiv_cy<11>)
     MUXCY:CI->O           1   0.020   0.000  Mcount_clkdiv_cy<12> (Mcount_clkdiv_cy<12>)
     MUXCY:CI->O           1   0.020   0.000  Mcount_clkdiv_cy<13> (Mcount_clkdiv_cy<13>)
     MUXCY:CI->O           1   0.019   0.000  Mcount_clkdiv_cy<14> (Mcount_clkdiv_cy<14>)
     MUXCY:CI->O           1   0.019   0.000  Mcount_clkdiv_cy<15> (Mcount_clkdiv_cy<15>)
     MUXCY:CI->O           1   0.019   0.000  Mcount_clkdiv_cy<16> (Mcount_clkdiv_cy<16>)
     MUXCY:CI->O           1   0.019   0.000  Mcount_clkdiv_cy<17> (Mcount_clkdiv_cy<17>)
     MUXCY:CI->O           1   0.019   0.000  Mcount_clkdiv_cy<18> (Mcount_clkdiv_cy<18>)
     MUXCY:CI->O           1   0.019   0.000  Mcount_clkdiv_cy<19> (Mcount_clkdiv_cy<19>)
     MUXCY:CI->O           1   0.019   0.000  Mcount_clkdiv_cy<20> (Mcount_clkdiv_cy<20>)
     MUXCY:CI->O           1   0.019   0.000  Mcount_clkdiv_cy<21> (Mcount_clkdiv_cy<21>)
     MUXCY:CI->O           1   0.019   0.000  Mcount_clkdiv_cy<22> (Mcount_clkdiv_cy<22>)
     MUXCY:CI->O           1   0.019   0.000  Mcount_clkdiv_cy<23> (Mcount_clkdiv_cy<23>)
     MUXCY:CI->O           1   0.019   0.000  Mcount_clkdiv_cy<24> (Mcount_clkdiv_cy<24>)
     MUXCY:CI->O           0   0.019   0.000  Mcount_clkdiv_cy<25> (Mcount_clkdiv_cy<25>)
     XORCY:CI->O           1   0.239   0.000  Mcount_clkdiv_xor<26> (Mcount_clkdiv26)
     FDC:D                     0.011          clkdiv_26
    ----------------------------------------
    Total                      3.256ns (1.907ns logic, 1.350ns route)
                                       (58.5% logic, 41.5% route)

=========================================================================
Timing constraint: Default OFFSET IN BEFORE for Clock 'clkp'
  Total number of paths / destination ports: 4148 / 80
-------------------------------------------------------------------------
Offset:              3.337ns (Levels of Logic = 35)
  Source:            sw_sf (PAD)
  Destination:       clkdiv_26 (FF)
  Destination Clock: clkp rising

  Data Path: sw_sf to clkdiv_26
                                Gate     Net
    Cell:in->out      fanout   Delay   Delay  Logical Name (Net Name)
    ----------------------------------------  ------------
     IBUF:I->O             3   0.003   0.413  sw_sf_IBUF (sw_sf_IBUF)
     INV:I->O              8   0.086   0.821  _n00431_INV_0 (_n0043)
     LUT5:I0->O            0   0.068   0.000  Mcompar_GND_1_o_clkdiv[27]_LessThan_2_o_lutdi1 (Mcompar_GND_1_o_clkdiv[27]_LessThan_2_o_lutdi1)
     MUXCY:DI->O           1   0.223   0.000  Mcompar_GND_1_o_clkdiv[27]_LessThan_2_o_cy<1> (Mcompar_GND_1_o_clkdiv[27]_LessThan_2_o_cy<1>)
     MUXCY:CI->O           1   0.020   0.000  Mcompar_GND_1_o_clkdiv[27]_LessThan_2_o_cy<2> (Mcompar_GND_1_o_clkdiv[27]_LessThan_2_o_cy<2>)
     MUXCY:CI->O           1   0.020   0.000  Mcompar_GND_1_o_clkdiv[27]_LessThan_2_o_cy<3> (Mcompar_GND_1_o_clkdiv[27]_LessThan_2_o_cy<3>)
     MUXCY:CI->O          29   0.020   0.569  Mcompar_GND_1_o_clkdiv[27]_LessThan_2_o_cy<4> (GND_1_o_clkdiv[27]_LessThan_2_o)
     LUT2:I1->O            1   0.068   0.000  Mcount_clkdiv_lut<0> (Mcount_clkdiv_lut<0>)
     MUXCY:S->O            1   0.290   0.000  Mcount_clkdiv_cy<0> (Mcount_clkdiv_cy<0>)
     MUXCY:CI->O           1   0.020   0.000  Mcount_clkdiv_cy<1> (Mcount_clkdiv_cy<1>)
     MUXCY:CI->O           1   0.020   0.000  Mcount_clkdiv_cy<2> (Mcount_clkdiv_cy<2>)
     MUXCY:CI->O           1   0.020   0.000  Mcount_clkdiv_cy<3> (Mcount_clkdiv_cy<3>)
     MUXCY:CI->O           1   0.020   0.000  Mcount_clkdiv_cy<4> (Mcount_clkdiv_cy<4>)
     MUXCY:CI->O           1   0.020   0.000  Mcount_clkdiv_cy<5> (Mcount_clkdiv_cy<5>)
     MUXCY:CI->O           1   0.020   0.000  Mcount_clkdiv_cy<6> (Mcount_clkdiv_cy<6>)
     MUXCY:CI->O           1   0.020   0.000  Mcount_clkdiv_cy<7> (Mcount_clkdiv_cy<7>)
     MUXCY:CI->O           1   0.020   0.000  Mcount_clkdiv_cy<8> (Mcount_clkdiv_cy<8>)
     MUXCY:CI->O           1   0.020   0.000  Mcount_clkdiv_cy<9> (Mcount_clkdiv_cy<9>)
     MUXCY:CI->O           1   0.020   0.000  Mcount_clkdiv_cy<10> (Mcount_clkdiv_cy<10>)
     MUXCY:CI->O           1   0.020   0.000  Mcount_clkdiv_cy<11> (Mcount_clkdiv_cy<11>)
     MUXCY:CI->O           1   0.020   0.000  Mcount_clkdiv_cy<12> (Mcount_clkdiv_cy<12>)
     MUXCY:CI->O           1   0.020   0.000  Mcount_clkdiv_cy<13> (Mcount_clkdiv_cy<13>)
     MUXCY:CI->O           1   0.019   0.000  Mcount_clkdiv_cy<14> (Mcount_clkdiv_cy<14>)
     MUXCY:CI->O           1   0.019   0.000  Mcount_clkdiv_cy<15> (Mcount_clkdiv_cy<15>)
     MUXCY:CI->O           1   0.019   0.000  Mcount_clkdiv_cy<16> (Mcount_clkdiv_cy<16>)
     MUXCY:CI->O           1   0.019   0.000  Mcount_clkdiv_cy<17> (Mcount_clkdiv_cy<17>)
     MUXCY:CI->O           1   0.019   0.000  Mcount_clkdiv_cy<18> (Mcount_clkdiv_cy<18>)
     MUXCY:CI->O           1   0.019   0.000  Mcount_clkdiv_cy<19> (Mcount_clkdiv_cy<19>)
     MUXCY:CI->O           1   0.019   0.000  Mcount_clkdiv_cy<20> (Mcount_clkdiv_cy<20>)
     MUXCY:CI->O           1   0.019   0.000  Mcount_clkdiv_cy<21> (Mcount_clkdiv_cy<21>)
     MUXCY:CI->O           1   0.019   0.000  Mcount_clkdiv_cy<22> (Mcount_clkdiv_cy<22>)
     MUXCY:CI->O           1   0.019   0.000  Mcount_clkdiv_cy<23> (Mcount_clkdiv_cy<23>)
     MUXCY:CI->O           1   0.019   0.000  Mcount_clkdiv_cy<24> (Mcount_clkdiv_cy<24>)
     MUXCY:CI->O           0   0.019   0.000  Mcount_clkdiv_cy<25> (Mcount_clkdiv_cy<25>)
     XORCY:CI->O           1   0.239   0.000  Mcount_clkdiv_xor<26> (Mcount_clkdiv26)
     FDC:D                     0.011          clkdiv_26
    ----------------------------------------
    Total                      3.337ns (1.534ns logic, 1.803ns route)
                                       (46.0% logic, 54.0% route)

=========================================================================
Timing constraint: Default OFFSET OUT AFTER for Clock 'clkp'
  Total number of paths / destination ports: 16 / 8
-------------------------------------------------------------------------
Offset:              1.350ns (Levels of Logic = 2)
  Source:            ledreg_0 (FF)
  Destination:       led<7> (PAD)
  Source Clock:      clkp rising

  Data Path: ledreg_0 to led<7>
                                Gate     Net
    Cell:in->out      fanout   Delay   Delay  Logical Name (Net Name)
    ----------------------------------------  ------------
     FDCE:C->Q             3   0.375   0.505  ledreg_0 (ledreg_0)
     LUT3:I1->O            1   0.068   0.399  Mmux_led81 (led_7_OBUF)
     OBUF:I->O                 0.003          led_7_OBUF (led<7>)
    ----------------------------------------
    Total                      1.350ns (0.446ns logic, 0.904ns route)
                                       (33.0% logic, 67.0% route)

=========================================================================
Timing constraint: Default path analysis
  Total number of paths / destination ports: 8 / 8
-------------------------------------------------------------------------
Delay:               1.100ns (Levels of Logic = 3)
  Source:            sw_lr (PAD)
  Destination:       led<7> (PAD)

  Data Path: sw_lr to led<7>
                                Gate     Net
    Cell:in->out      fanout   Delay   Delay  Logical Name (Net Name)
    ----------------------------------------  ------------
     IBUF:I->O             8   0.003   0.627  sw_lr_IBUF (sw_lr_IBUF)
     LUT3:I0->O            1   0.068   0.399  Mmux_led81 (led_7_OBUF)
     OBUF:I->O                 0.003          led_7_OBUF (led<7>)
    ----------------------------------------
    Total                      1.100ns (0.074ns logic, 1.026ns route)
                                       (6.7% logic, 93.3% route)

=========================================================================

Cross Clock Domains Report:
--------------------------

Clock to Setup on destination clock clkp
---------------+---------+---------+---------+---------+
               | Src:Rise| Src:Fall| Src:Rise| Src:Fall|
Source Clock   |Dest:Rise|Dest:Rise|Dest:Fall|Dest:Fall|
---------------+---------+---------+---------+---------+
clkp           |    3.256|         |         |         |
---------------+---------+---------+---------+---------+

=========================================================================


Total REAL time to Xst completion: 2.00 secs
Total CPU time to Xst completion: 1.99 secs
 
--> 

Total memory usage is 211044 kilobytes

Number of errors   :    0 (   0 filtered)
Number of warnings :    2 (   0 filtered)
Number of infos    :    0 (   0 filtered)

